d:\project\datamanger\datamanger\x64\debug\lyreadsiteinfo.obj
d:\project\datamanger\datamanger\x64\debug\lycitywidget.obj
d:\project\datamanger\datamanger\x64\debug\lytiptranwidget.obj
d:\project\datamanger\datamanger\x64\debug\datetablemes.obj
d:\project\datamanger\datamanger\x64\debug\lyexcelitemdelegate.obj
d:\project\datamanger\datamanger\x64\debug\lyconfigmanager.obj
d:\project\datamanger\datamanger\x64\debug\lywidgetmanager.obj
d:\project\datamanger\datamanger\x64\debug\lyconfig.obj
d:\project\datamanger\datamanger\x64\debug\lydatabase.obj
d:\project\datamanger\datamanger\x64\debug\lylogmanager.obj
d:\project\datamanger\datamanger\x64\debug\lymainwidget.obj
d:\project\datamanger\datamanger\x64\debug\lyexceltablemodel.obj
d:\project\datamanger\datamanger\x64\debug\lythememanager.obj
d:\project\datamanger\datamanger\x64\debug\qrc_datamanager.obj
d:\project\datamanger\datamanger\x64\debug\datemanagerapp.obj
d:\project\datamanger\datamanger\x64\debug\lycitypagewidget.obj
d:\project\datamanger\datamanger\x64\debug\lyexcelitemproxymodel.obj
d:\project\datamanger\datamanger\x64\debug\lyexceldatamanager.obj
d:\project\datamanger\datamanger\x64\debug\main.obj
d:\project\datamanger\datamanger\x64\debug\lylanguagemanager.obj
d:\project\datamanger\datamanger\x64\debug\datamanager.obj
d:\project\datamanger\datamanger\x64\debug\lysysconfig.obj
d:\project\datamanger\datamanger\x64\debug\lyfileiothreadobject.obj
d:\project\datamanger\datamanger\x64\debug\lydatamesdialog.obj
d:\project\datamanger\datamanger\x64\debug\lytableview.obj
d:\project\datamanger\datamanger\x64\debug\lyoperatorexcelfile.obj
d:\project\datamanger\datamanger\x64\debug\lydatemanager.obj
d:\project\datamanger\datamanger\x64\debug\vc140.pdb
d:\project\datamanger\datamanger\x64\debug\moc_datemanagerapp.obj
d:\project\datamanger\datamanger\x64\debug\moc_lyexcelitemproxymodel.obj
d:\project\datamanger\datamanger\x64\debug\moc_lyfileiothreadobject.obj
d:\project\datamanger\datamanger\x64\debug\moc_lycitypagewidget.obj
d:\project\datamanger\datamanger\x64\debug\moc_datamanager.obj
d:\project\datamanger\datamanger\x64\debug\moc_lytiptranwidget.obj
d:\project\datamanger\datamanger\x64\debug\moc_lyexceltablemodel.obj
d:\project\datamanger\datamanger\x64\debug\moc_lytableview.obj
d:\project\datamanger\datamanger\x64\debug\moc_lycitywidget.obj
d:\project\datamanger\datamanger\x64\debug\moc_lyexcelitemdelegate.obj
d:\project\datamanger\datamanger\x64\debug\moc_lymainwidget.obj
d:\project\datamanger\datamanger\x64\debug\moc_lydatamesdialog.obj
d:\project\datamanger\datamanger\x64\debug\lydatesiteedit.obj
d:\project\datamanger\datamanger\x64\debug\moc_lydatesiteedit.obj
d:\project\datamanger\datamanger\x64\debug\lyparconfig.obj
d:\project\datamanger\datamanger\x64\debug\lyeditmestype.obj
d:\project\datamanger\datamanger\x64\debug\moc_lyeditmestype.obj
d:\project\datamanger\datamanger\x64\debug\lyeditmestyperoom.obj
d:\project\datamanger\datamanger\x64\debug\moc_lyeditmestyperoom.obj
d:\project\datamanger\datamanger\x64\debug\moc_lycommon.obj
d:\project\datamanger\datamanger\generatedfiles\debug\moc_datamanager.cpp
d:\project\datamanger\datamanger\generatedfiles\debug\moc_lyexceltablemodel.cpp
d:\project\datamanger\datamanger\generatedfiles\debug\moc_datemanagerapp.cpp
d:\project\datamanger\datamanger\generatedfiles\debug\moc_lyexcelitemdelegate.cpp
d:\project\datamanger\datamanger\generatedfiles\debug\moc_lyexcelitemproxymodel.cpp
d:\project\datamanger\datamanger\generatedfiles\debug\moc_lytableview.cpp
d:\project\datamanger\datamanger\generatedfiles\debug\moc_lymainwidget.cpp
d:\project\datamanger\datamanger\generatedfiles\debug\moc_lytiptranwidget.cpp
d:\project\datamanger\datamanger\generatedfiles\debug\moc_lyfileiothreadobject.cpp
d:\project\datamanger\datamanger\generatedfiles\debug\moc_lycitywidget.cpp
d:\project\datamanger\datamanger\generatedfiles\debug\moc_lycitypagewidget.cpp
d:\project\datamanger\datamanger\generatedfiles\debug\moc_lydatamesdialog.cpp
d:\project\datamanger\datamanger\generatedfiles\qrc_datamanager.cpp
d:\project\datamanger\datamanger\generatedfiles\ui_datamanager.h
d:\project\datamanger\datamanger\generatedfiles\ui_lymainwidget.h
d:\project\datamanger\datamanger\generatedfiles\ui_lytiptranwidget.h
d:\project\datamanger\datamanger\generatedfiles\ui_lycitywidget.h
d:\project\datamanger\datamanger\generatedfiles\ui_lydatamesdialog.h
d:\project\datamanger\datamanger\generatedfiles\debug\moc_lydatesiteedit.cpp
d:\project\datamanger\datamanger\generatedfiles\debug\moc_lyeditmestype.cpp
d:\project\datamanger\datamanger\generatedfiles\ui_lyeditmestype.h
d:\project\datamanger\datamanger\generatedfiles\debug\moc_lyeditmestyperoom.cpp
d:\project\datamanger\datamanger\generatedfiles\ui_lyeditmestyperoom.h
d:\project\datamanger\datamanger\generatedfiles\debug\moc_lycommon.cpp
d:\project\datamanger\datamanger\x64\debug\datamanager.ilk
d:\project\datamanger\datamanger\x64\debug\datamanager.exe
d:\project\datamanger\datamanger\x64\debug\datamanager.pdb
d:\project\datamanger\datamanger\x64\debug\datamanager.tlog\cl.command.1.tlog
d:\project\datamanger\datamanger\x64\debug\datamanager.tlog\cl.read.1.tlog
d:\project\datamanger\datamanger\x64\debug\datamanager.tlog\cl.write.1.tlog
d:\project\datamanger\datamanger\x64\debug\datamanager.tlog\datamanager.write.1u.tlog
d:\project\datamanger\datamanger\x64\debug\datamanager.tlog\link.command.1.tlog
d:\project\datamanger\datamanger\x64\debug\datamanager.tlog\link.read.1.tlog
d:\project\datamanger\datamanger\x64\debug\datamanager.tlog\link.write.1.tlog
