d:\project\datamanger\datamanger\x64\release\lyreadsiteinfo.obj
d:\project\datamanger\datamanger\x64\release\lycitywidget.obj
d:\project\datamanger\datamanger\x64\release\lymainwidget.obj
d:\project\datamanger\datamanger\x64\release\lyoperatorexcelfile.obj
d:\project\datamanger\datamanger\x64\release\lydatemanager.obj
d:\project\datamanger\datamanger\x64\release\lyconfig.obj
d:\project\datamanger\datamanger\x64\release\lydatabase.obj
d:\project\datamanger\datamanger\x64\release\lyexcelitemproxymodel.obj
d:\project\datamanger\datamanger\x64\release\datetablemes.obj
d:\project\datamanger\datamanger\x64\release\lyexcelitemdelegate.obj
d:\project\datamanger\datamanger\x64\release\lyconfigmanager.obj
d:\project\datamanger\datamanger\x64\release\lywidgetmanager.obj
d:\project\datamanger\datamanger\x64\release\datemanagerapp.obj
d:\project\datamanger\datamanger\x64\release\lycitypagewidget.obj
d:\project\datamanger\datamanger\x64\release\lytableview.obj
d:\project\datamanger\datamanger\x64\release\lyexceltablemodel.obj
d:\project\datamanger\datamanger\x64\release\lylanguagemanager.obj
d:\project\datamanger\datamanger\x64\release\datamanager.obj
d:\project\datamanger\datamanger\x64\release\lysysconfig.obj
d:\project\datamanger\datamanger\x64\release\lyfileiothreadobject.obj
d:\project\datamanger\datamanger\x64\release\lytiptranwidget.obj
d:\project\datamanger\datamanger\x64\release\lyexceldatamanager.obj
d:\project\datamanger\datamanger\x64\release\main.obj
d:\project\datamanger\datamanger\x64\release\lythememanager.obj
d:\project\datamanger\datamanger\x64\release\qrc_datamanager.obj
d:\project\datamanger\datamanger\x64\release\moc_datamanager.obj
d:\project\datamanger\datamanger\x64\release\moc_lyfileiothreadobject.obj
d:\project\datamanger\datamanger\x64\release\moc_lytiptranwidget.obj
d:\project\datamanger\datamanger\x64\release\moc_datemanagerapp.obj
d:\project\datamanger\datamanger\x64\release\moc_lyexcelitemdelegate.obj
d:\project\datamanger\datamanger\x64\release\moc_lytableview.obj
d:\project\datamanger\datamanger\x64\release\moc_lycitypagewidget.obj
d:\project\datamanger\datamanger\x64\release\moc_lyexcelitemproxymodel.obj
d:\project\datamanger\datamanger\x64\release\moc_lymainwidget.obj
d:\project\datamanger\datamanger\x64\release\moc_lycitywidget.obj
d:\project\datamanger\datamanger\x64\release\moc_lyexceltablemodel.obj
d:\project\datamanger\datamanger\generatedfiles\release\moc_datamanager.cpp
d:\project\datamanger\datamanger\generatedfiles\release\moc_lyexceltablemodel.cpp
d:\project\datamanger\datamanger\generatedfiles\release\moc_datemanagerapp.cpp
d:\project\datamanger\datamanger\generatedfiles\release\moc_lyexcelitemdelegate.cpp
d:\project\datamanger\datamanger\generatedfiles\release\moc_lyexcelitemproxymodel.cpp
d:\project\datamanger\datamanger\generatedfiles\release\moc_lytableview.cpp
d:\project\datamanger\datamanger\generatedfiles\release\moc_lymainwidget.cpp
d:\project\datamanger\datamanger\generatedfiles\release\moc_lytiptranwidget.cpp
d:\project\datamanger\datamanger\generatedfiles\release\moc_lyfileiothreadobject.cpp
d:\project\datamanger\datamanger\generatedfiles\release\moc_lycitywidget.cpp
d:\project\datamanger\datamanger\generatedfiles\release\moc_lycitypagewidget.cpp
d:\project\datamanger\datamanger\generatedfiles\qrc_datamanager.cpp
d:\project\datamanger\datamanger\generatedfiles\ui_datamanager.h
d:\project\datamanger\datamanger\generatedfiles\ui_lymainwidget.h
d:\project\datamanger\datamanger\generatedfiles\ui_lytiptranwidget.h
d:\project\datamanger\datamanger\generatedfiles\ui_lycitywidget.h
d:\project\datamanger\datamanger\x64\release\datamanager.exe
d:\project\datamanger\datamanger\x64\release\datamanager.tlog\cl.command.1.tlog
d:\project\datamanger\datamanger\x64\release\datamanager.tlog\cl.read.1.tlog
d:\project\datamanger\datamanger\x64\release\datamanager.tlog\cl.write.1.tlog
d:\project\datamanger\datamanger\x64\release\datamanager.tlog\datamanager.write.1u.tlog
d:\project\datamanger\datamanger\x64\release\datamanager.tlog\link.command.1.tlog
d:\project\datamanger\datamanger\x64\release\datamanager.tlog\link.read.1.tlog
d:\project\datamanger\datamanger\x64\release\datamanager.tlog\link.write.1.tlog
